D:\this semester\architecture\CPU-simulator\CPU-simulator\Debug\cl.command.1.tlog
D:\this semester\architecture\CPU-simulator\CPU-simulator\Debug\CL.read.1.tlog
D:\this semester\architecture\CPU-simulator\CPU-simulator\Debug\CL.write.1.tlog
D:\THIS SEMESTER\ARCHITECTURE\CPU-SIMULATOR\CPU-SIMULATOR\DEBUG\CPU-SIMULATOR.EXE.EMBED.MANIFEST
D:\THIS SEMESTER\ARCHITECTURE\CPU-SIMULATOR\CPU-SIMULATOR\DEBUG\CPU-SIMULATOR.EXE.EMBED.MANIFEST.RES
D:\THIS SEMESTER\ARCHITECTURE\CPU-SIMULATOR\CPU-SIMULATOR\DEBUG\CPU-SIMULATOR.EXE.INTERMEDIATE.MANIFEST
D:\THIS SEMESTER\ARCHITECTURE\CPU-SIMULATOR\CPU-SIMULATOR\DEBUG\CPU-SIMULATOR.OBJ
D:\THIS SEMESTER\ARCHITECTURE\CPU-SIMULATOR\CPU-SIMULATOR\DEBUG\CPU-SIMULATOR.PCH
D:\this semester\architecture\CPU-simulator\CPU-simulator\Debug\CPU-simulator_manifest.rc
D:\THIS SEMESTER\ARCHITECTURE\CPU-SIMULATOR\CPU-SIMULATOR\DEBUG\INI.OBJ
D:\this semester\architecture\CPU-simulator\CPU-simulator\Debug\link.10100.read.1.tlog
D:\this semester\architecture\CPU-simulator\CPU-simulator\Debug\link.10100.write.1.tlog
D:\this semester\architecture\CPU-simulator\CPU-simulator\Debug\link.10100-cvtres.read.1.tlog
D:\this semester\architecture\CPU-simulator\CPU-simulator\Debug\link.10100-cvtres.write.1.tlog
D:\this semester\architecture\CPU-simulator\CPU-simulator\Debug\link.7352.read.1.tlog
D:\this semester\architecture\CPU-simulator\CPU-simulator\Debug\link.7352.write.1.tlog
D:\this semester\architecture\CPU-simulator\CPU-simulator\Debug\link.7352-cvtres.read.1.tlog
D:\this semester\architecture\CPU-simulator\CPU-simulator\Debug\link.7352-cvtres.write.1.tlog
D:\this semester\architecture\CPU-simulator\CPU-simulator\Debug\link.9940.read.1.tlog
D:\this semester\architecture\CPU-simulator\CPU-simulator\Debug\link.9940.write.1.tlog
D:\this semester\architecture\CPU-simulator\CPU-simulator\Debug\link.9940-cvtres.read.1.tlog
D:\this semester\architecture\CPU-simulator\CPU-simulator\Debug\link.9940-cvtres.write.1.tlog
D:\this semester\architecture\CPU-simulator\CPU-simulator\Debug\link.command.1.tlog
D:\this semester\architecture\CPU-simulator\CPU-simulator\Debug\link.read.1.tlog
D:\this semester\architecture\CPU-simulator\CPU-simulator\Debug\link.write.1.tlog
D:\this semester\architecture\CPU-simulator\CPU-simulator\Debug\link-cvtres.read.1.tlog
D:\this semester\architecture\CPU-simulator\CPU-simulator\Debug\link-cvtres.write.1.tlog
D:\this semester\architecture\CPU-simulator\CPU-simulator\Debug\mt.command.1.tlog
D:\this semester\architecture\CPU-simulator\CPU-simulator\Debug\mt.read.1.tlog
D:\this semester\architecture\CPU-simulator\CPU-simulator\Debug\mt.write.1.tlog
D:\this semester\architecture\CPU-simulator\CPU-simulator\Debug\rc.command.1.tlog
D:\this semester\architecture\CPU-simulator\CPU-simulator\Debug\rc.read.1.tlog
D:\this semester\architecture\CPU-simulator\CPU-simulator\Debug\rc.write.1.tlog
D:\THIS SEMESTER\ARCHITECTURE\CPU-SIMULATOR\CPU-SIMULATOR\DEBUG\STDAFX.OBJ
D:\this semester\architecture\CPU-simulator\CPU-simulator\Debug\vc100.idb
D:\THIS SEMESTER\ARCHITECTURE\CPU-SIMULATOR\CPU-SIMULATOR\DEBUG\VC100.PDB
D:\THIS SEMESTER\ARCHITECTURE\CPU-SIMULATOR\DEBUG\CPU-SIMULATOR.EXE
D:\THIS SEMESTER\ARCHITECTURE\CPU-SIMULATOR\DEBUG\CPU-SIMULATOR.ILK
D:\THIS SEMESTER\ARCHITECTURE\CPU-SIMULATOR\DEBUG\CPU-SIMULATOR.PDB
